<?xml version="1.0" encoding="UTF-8"?>
<testsuite xmlns:xsi="http://www.w3.org/2001/XMLSchema-instance" xsi:noNamespaceSchemaLocation="https://maven.apache.org/surefire/maven-surefire-plugin/xsd/surefire-test-report.xsd" version="3.0.2" name="com.mok.DddTest" time="3.42" tests="1" errors="0" skipped="0" failures="0">
  <properties>
[...]
</properties>
  <testcase name="testItWorks" classname="com.mok.DddTest" time="0.058">
    <system-out><![CDATA[&amp#27;[36m22:01:24.750&amp#27;[0;39m &amp#27;[1;30m[main]&amp#27;[0;39m &amp#27;[34mINFO &amp#27;[0;39m &amp#27;[35mi.m.c.DefaultApplicationContext$RuntimeConfiguredEnvironment&amp#27;[0;39m - Established active environments: [test]
&amp#27;[36m22:01:25.124&amp#27;[0;39m &amp#27;[1;30m[main]&amp#27;[0;39m &amp#27;[34mINFO &amp#27;[0;39m &amp#27;[35morg.hibernate.Version&amp#27;[0;39m - HHH000412: Hibernate ORM core version 6.6.32.Final
&amp#27;[36m22:01:25.165&amp#27;[0;39m &amp#27;[1;30m[main]&amp#27;[0;39m &amp#27;[34mINFO &amp#27;[0;39m &amp#27;[35mcom.zaxxer.hikari.HikariDataSource&amp#27;[0;39m - HikariPool-1 - Starting...
&amp#27;[36m22:01:25.485&amp#27;[0;39m &amp#27;[1;30m[main]&amp#27;[0;39m &amp#27;[34mINFO &amp#27;[0;39m &amp#27;[35mcom.zaxxer.hikari.pool.HikariPool&amp#27;[0;39m - HikariPool-1 - Added connection conn0: url=jdbc:h2:mem:testdb user=SA
&amp#27;[36m22:01:25.488&amp#27;[0;39m &amp#27;[1;30m[main]&amp#27;[0;39m &amp#27;[34mINFO &amp#27;[0;39m &amp#27;[35mcom.zaxxer.hikari.HikariDataSource&amp#27;[0;39m - HikariPool-1 - Start completed.
&amp#27;[36m22:01:25.548&amp#27;[0;39m &amp#27;[1;30m[main]&amp#27;[0;39m &amp#27;[34mINFO &amp#27;[0;39m &amp#27;[35mo.h.c.i.RegionFactoryInitiator&amp#27;[0;39m - HHH000026: Second-level cache disabled
&amp#27;[36m22:01:25.835&amp#27;[0;39m &amp#27;[1;30m[main]&amp#27;[0;39m &amp#27;[34mINFO &amp#27;[0;39m &amp#27;[35mo.hibernate.orm.connections.pooling&amp#27;[0;39m - HHH10001005: Database info:
	Database JDBC URL [Connecting through datasource 'HikariDataSource (HikariPool-1)']
	Database driver: undefined/unknown
	Database version: 2.3.232
	Autocommit mode: undefined/unknown
	Isolation level: undefined/unknown
	Minimum pool size: undefined/unknown
	Maximum pool size: undefined/unknown
Hibernate: 
    drop table if exists sys_tenant cascade 
Hibernate: 
    drop table if exists sys_user cascade 
Hibernate: 
    create table sys_tenant (
        state integer,
        created_at timestamp(6),
        id bigint generated by default as identity,
        package_id bigint,
        updated_at timestamp(6),
        contact_person varchar(255),
        contact_phone varchar(255),
        created_by varchar(255),
        name varchar(255) not null,
        tenant_id varchar(255) not null unique,
        updated_by varchar(255),
        primary key (id)
    )
Hibernate: 
    create table sys_user (
        is_tenant_admin boolean,
        state integer,
        created_at timestamp(6),
        id bigint generated by default as identity,
        updated_at timestamp(6),
        created_by varchar(255),
        nickname varchar(255),
        password varchar(255),
        tenant_id varchar(255) not null,
        updated_by varchar(255),
        username varchar(255),
        primary key (id)
    )
]]></system-out>
  </testcase>
</testsuite>